TN:
SF:src/modules/Appointments/services/CreateAppointmentService.ts
FN:16,(anonymous_18)
FN:17,CreateAppointmentService
FN:22,(anonymous_20)
FNF:3
FNH:3
FNDA:1,(anonymous_18)
FNDA:2,CreateAppointmentService
FNDA:3,(anonymous_20)
DA:1,1
DA:2,1
DA:4,1
DA:16,1
DA:19,2
DA:22,3
DA:23,3
DA:25,3
DA:29,3
DA:30,1
DA:33,2
DA:38,2
DA:40,1
DA:42,1
LF:14
LH:14
BRDA:29,0,0,1
BRDA:29,0,1,2
BRF:2
BRH:2
end_of_record
TN:
SF:src/modules/Persons/services/CreatePersonservice.ts
FN:23,(anonymous_18)
FN:24,CreatePersonService
FN:29,(anonymous_20)
FNF:3
FNH:3
FNDA:2,(anonymous_18)
FNDA:5,CreatePersonService
FNDA:7,(anonymous_20)
DA:1,2
DA:3,2
DA:23,2
DA:26,5
DA:29,2
DA:30,7
DA:31,7
DA:32,7
DA:33,7
DA:34,7
DA:35,7
DA:38,7
DA:40,7
DA:41,1
DA:44,6
DA:53,6
DA:55,2
DA:57,2
LF:18
LH:18
BRDA:38,0,0,7
BRDA:40,1,0,1
BRDA:40,1,1,6
BRF:3
BRH:3
end_of_record
TN:
SF:src/modules/Persons/services/UpdatePersonService.ts
FN:25,(anonymous_20)
FN:26,UpdatePersonService
FN:31,(anonymous_22)
FNF:3
FNH:3
FNDA:1,(anonymous_20)
FNDA:4,UpdatePersonService
FNDA:4,(anonymous_22)
DA:1,1
DA:3,1
DA:25,1
DA:28,4
DA:31,1
DA:32,4
DA:33,4
DA:34,4
DA:35,4
DA:36,4
DA:37,4
DA:38,4
DA:40,4
DA:42,4
DA:43,1
DA:46,4
DA:48,2
DA:50,2
DA:51,1
DA:55,2
DA:65,2
DA:67,1
DA:69,1
LF:23
LH:23
BRDA:40,0,0,4
BRDA:42,1,0,1
BRDA:42,1,1,3
BRDA:46,2,0,1
BRDA:46,2,1,2
BRDA:50,3,0,1
BRDA:50,3,1,1
BRF:7
BRH:7
end_of_record
TN:
SF:src/modules/Users/services/AuthenticationService.ts
FN:23,(anonymous_18)
FN:24,AuthenticationService
FN:32,(anonymous_20)
FNF:3
FNH:3
FNDA:1,(anonymous_18)
FNDA:3,AuthenticationService
FNDA:3,(anonymous_20)
DA:2,1
DA:3,1
DA:4,1
DA:7,1
DA:23,1
DA:26,3
DA:29,3
DA:32,3
DA:34,3
DA:36,3
DA:37,1
DA:41,2
DA:46,2
DA:47,1
DA:50,1
DA:52,1
DA:57,1
DA:59,1
DA:61,1
LF:19
LH:19
BRDA:34,0,0,3
BRDA:36,1,0,1
BRDA:36,1,1,2
BRDA:46,2,0,1
BRDA:46,2,1,1
BRF:5
BRH:5
end_of_record
TN:
SF:src/modules/Users/services/CreateProfileService.ts
FN:13,(anonymous_18)
FN:14,CreateProfileService
FN:19,(anonymous_20)
FNF:3
FNH:3
FNDA:2,(anonymous_18)
FNDA:3,CreateProfileService
FNDA:4,(anonymous_20)
DA:1,2
DA:3,2
DA:13,2
DA:16,3
DA:19,4
DA:21,4
DA:23,4
DA:24,1
DA:27,3
DA:31,3
DA:33,2
DA:35,2
LF:12
LH:12
BRDA:21,0,0,4
BRDA:23,1,0,1
BRDA:23,1,1,3
BRF:3
BRH:3
end_of_record
TN:
SF:src/modules/Users/services/CreateUserService.ts
FN:20,(anonymous_18)
FN:21,CreateUserService
FN:29,(anonymous_20)
FNF:3
FNH:3
FNDA:2,(anonymous_18)
FNDA:4,CreateUserService
FNDA:5,(anonymous_20)
DA:1,2
DA:3,2
DA:20,2
DA:23,4
DA:26,4
DA:29,2
DA:30,5
DA:31,5
DA:32,5
DA:33,5
DA:36,5
DA:41,5
DA:42,1
DA:45,4
DA:47,4
DA:54,4
DA:56,2
DA:58,2
LF:18
LH:18
BRDA:36,0,0,5
BRDA:41,1,0,1
BRDA:41,1,1,4
BRF:3
BRH:3
end_of_record
TN:
SF:src/modules/Users/services/UpdateProfileService.ts
FN:14,(anonymous_20)
FN:15,UpdateProfileService
FN:20,(anonymous_22)
FNF:3
FNH:3
FNDA:1,(anonymous_20)
FNDA:2,UpdateProfileService
FNDA:2,(anonymous_22)
DA:1,1
DA:3,1
DA:14,1
DA:17,2
DA:20,2
DA:21,2
DA:23,2
DA:24,1
DA:27,1
DA:32,1
DA:34,1
DA:36,1
LF:12
LH:12
BRDA:21,0,0,2
BRDA:23,1,0,1
BRDA:23,1,1,1
BRF:3
BRH:3
end_of_record
